Error: countries is not defined
Error: Request failed with status code 429
Error: Request failed with status code 429
Error: Request failed with status code 429
Error: Request failed with status code 429
Error: Request failed with status code 429
Error: Request failed with status code 429
Error: Request failed with status code 429

[3/3/2025, 12:00:00 pm] Fetching news...
Inserted: Deebo Samuel is first move of a Washington receiver-room makeover - NBC Sports [general-us]
Inserted: Rob Manfred considering petition to remove Pete Rose from MLB’s ineligible list - New York Post  [general-us]
Inserted: WWE Elimination Chamber 2025 Results: Winners, Live Grades, Reaction, Highlights - Bleacher Report [general-us]
Inserted: More than a thousand people protest Vice President JD Vance’s visit to Vermont - VTDigger [general-us]
Inserted: Israel approves temporary extension of Gaza ceasefire - BBC.com [general-us]
Inserted: Grammy-nominated R&B singer Angie Stone dies in car crash - The Associated Press [general-us]
Inserted: Immediate Expansion of American Timber Production - The White House [general-us]
Inserted: Designating English as the Official Language of The United States - The White House [general-us]
Inserted: Anti-DOGE protests at Tesla stores target Elon Musk’s bottom line - The Associated Press [general-us]
Inserted: Gervonta Davis vs. Lamont Roach Jr. start time: Live stream, PPV price, undercard, where to watch, TV channel - CBS Sports [general-us]
Inserted: Judge extends block on Trump gender-affirming care federal funding ban - The Hill [general-us]
Inserted: Russian cargo ship docks at space station with science, spacesuit and supplies - Space.com [general-us]
Inserted: Pope Francis stable a day after respiratory crisis, spent ‘long periods’ off noninvasive ventilator - POLITICO [general-us]
Inserted: Samsung's Affordable Galaxy A36 and Galaxy A26 Will Get 6 Years of Software Updates - WIRED [general-us]
Inserted: David Johansen, New York Dolls Frontman, Dead at 75 - Vulture [general-us]
Inserted: Is Microsoft Outlook down? Company says service restored after outage Saturday afternoon - USA TODAY [general-us]
Inserted: Murkowski rebukes Trump over Ukraine: ‘Walking away from our allies’ - POLITICO [general-us]
Inserted: Andrew Cuomo attempts political comeback with run for New York City mayor - Financial Times [general-us]
Inserted: Isaiah Bond didn’t break Xavier Worthy’s 40-yard dash record - NBC Sports [general-us]
Inserted: Texas Official Warns Against ‘Measles Parties’ Amid Growing Outbreak - WIRED [general-us]
Inserted: Three Keys & a Pick: Illinois at No. 15 Michigan - 247Sports [sports-us]
Already Exists: Deebo Samuel is first move of a Washington receiver-room makeover - NBC Sports
Already Exists: Rob Manfred considering petition to remove Pete Rose from MLB’s ineligible list - New York Post 
Inserted: Five takeaways from Indiana’s win at Washington - Inside the Hall [sports-us]
Inserted: 'Mouthpiece gate!'… UFC fighters and fans go ballistic as UFC Vegas 103 star rallies to earn wild KO finish - Bloody Elbow [sports-us]
Inserted: RELEASE: Blackhawks Trade Seth Jones to Panthers - NHL.com [sports-us]
Inserted: GameCenter live: No. 18 UND at No. 4 Western Michigan - Grand Forks Herald [sports-us]
Inserted: Missed opportunities plague South Carolina's offense in series loss to Clemson - On3.com [sports-us]
Already Exists: Gervonta Davis vs. Lamont Roach Jr. start time: Live stream, PPV price, undercard, where to watch, TV channel - CBS Sports
Inserted: NC State Remains Winless on the Road, Georgia Tech Wins 87-62 - Backing The Pack [sports-us]
Inserted: NCA Dallas cheer parent fight sparks police response, not active shooter: Police - WFAA.com [sports-us]
Inserted: Patriots Could Receive Mulligan After Failed Blockbuster Attempt - NESN [sports-us]
Inserted: TV viewers irate after ABC's Kentucky-Auburn broadcast goes out for more than 30 minutes - Yahoo Sports [sports-us]
Inserted: Full list of NFL combine results, 40-yard dash times, plus QB, RB and WR winners and losers from measurements - CBS Sports [sports-us]
Inserted: Islanders Goalie Illya Sorokin Completes Play You Hardly Ever See In The NHL - Outkick [sports-us]
Inserted: St. John’s clinches first outright Big East regular season title since 1984-85 with win over Seton Hall - New York Post  [sports-us]
Inserted: UNC-Miami: Hubert Davis Postgame Q&A - 247Sports [sports-us]
Already Exists: Isaiah Bond didn’t break Xavier Worthy’s 40-yard dash record - NBC Sports
Inserted: Jaxson Robinson will undergo season-ending wrist surgery next week - KSR [sports-us]
Already Exists: Deebo Samuel is first move of a Washington receiver-room makeover - NBC Sports
Already Exists: Rob Manfred considering petition to remove Pete Rose from MLB’s ineligible list - New York Post 
Already Exists: WWE Elimination Chamber 2025 Results: Winners, Live Grades, Reaction, Highlights - Bleacher Report
Already Exists: More than a thousand people protest Vice President JD Vance’s visit to Vermont - VTDigger
Already Exists: Israel approves temporary extension of Gaza ceasefire - BBC.com
Already Exists: Grammy-nominated R&B singer Angie Stone dies in car crash - The Associated Press
Already Exists: Immediate Expansion of American Timber Production - The White House
Already Exists: Designating English as the Official Language of The United States - The White House
Already Exists: Anti-DOGE protests at Tesla stores target Elon Musk’s bottom line - The Associated Press
Already Exists: Gervonta Davis vs. Lamont Roach Jr. start time: Live stream, PPV price, undercard, where to watch, TV channel - CBS Sports
Already Exists: Judge extends block on Trump gender-affirming care federal funding ban - The Hill
Already Exists: Russian cargo ship docks at space station with science, spacesuit and supplies - Space.com
Already Exists: Pope Francis stable a day after respiratory crisis, spent ‘long periods’ off noninvasive ventilator - POLITICO
Already Exists: Samsung's Affordable Galaxy A36 and Galaxy A26 Will Get 6 Years of Software Updates - WIRED
Already Exists: David Johansen, New York Dolls Frontman, Dead at 75 - Vulture
Already Exists: Is Microsoft Outlook down? Company says service restored after outage Saturday afternoon - USA TODAY
Already Exists: Murkowski rebukes Trump over Ukraine: ‘Walking away from our allies’ - POLITICO
Already Exists: Andrew Cuomo attempts political comeback with run for New York City mayor - Financial Times
Already Exists: Isaiah Bond didn’t break Xavier Worthy’s 40-yard dash record - NBC Sports
Already Exists: Texas Official Warns Against ‘Measles Parties’ Amid Growing Outbreak - WIRED
Inserted: In the US, DEI is under attack. But under a different name, it might live on - BBC.com [business-us]
Already Exists: Anti-DOGE protests at Tesla stores target Elon Musk’s bottom line - The Associated Press
Already Exists: Is Microsoft Outlook down? Company says service restored after outage Saturday afternoon - USA TODAY
Inserted: Elon Musk Calls Social Security 'The Biggest Ponzi Scheme Of All Time' - HuffPost [business-us]
Inserted: The US economy has suddenly been thrown into reverse as key GDP indicator flashes stunning negative forecast - Fortune [business-us]
Inserted: Elon Musk defends DOGE, blasts Social Security in marathon Rogan appearance - Washington Times [business-us]
Inserted: Another 'near miss': Citigroup mistakenly credited a customer account with $81 trillion - CNBC [business-us]
Inserted: Jeff Bezos Is Scared to Have an Open Debate on Economics - Jacobin magazine [business-us]
Inserted: Florida’s Surfside law helps developers as condo owners face spiking fees and foreclosures - Miami Herald [business-us]
Inserted: This Week in Bitcoin: Crashing Under $80K, Worst ETF Day Ever, and States Reject Reserves - Decrypt [business-us]
Inserted: With Joann closing, these 12 Portland stores can meet your fabric needs - OregonLive [business-us]
Inserted: Video captures FedEx plane's engine in flames after bird collision - ABC News [business-us]
Inserted: GSA eliminates 18F - Nextgov/FCW [business-us]
Inserted: Should You Buy Nvidia Stock After Its Blowout Q4 Results? - The Motley Fool [business-us]
Inserted: Trump — or America's "first crypto president" — to host White House summit - Axios [business-us]
Inserted: Elon Musk and Neuralink exec Shivon Zilis welcome fourth child together - Business Insider [business-us]
Inserted: Memecoins: From social experiment to retail ‘value extraction’ tools - Cointelegraph [business-us]
Inserted: Worries Mount That Trump Agenda Is Testing Economy’s Resilience - The Wall Street Journal [business-us]
Inserted: SpaceX’s Starlink could have some advantages over Verizon in bid for FAA contract takeover, experts say. It could also trigger a slew of conflict-of-interest lawsuits from competitors - Fortune [business-us]
Inserted: Brit Awards 2025: Millie Bobby Brown to Sabrina Carpenter, 7 best celeb looks at star-studded awards show in pics - Hindustan Times [entertainment-us]
Already Exists: WWE Elimination Chamber 2025 Results: Winners, Live Grades, Reaction, Highlights - Bleacher Report
Inserted: Bowen Yang Claps Back at ‘SNL’ Background Actor Accusing Him of Getting Shane Gillis Fired - Hollywood Reporter [entertainment-us]
Already Exists: Grammy-nominated R&B singer Angie Stone dies in car crash - The Associated Press
Inserted: G-Eazy Lists Hollywood Hills Home for $3.7 Million - TMZ [entertainment-us]
Inserted: Harrison Ford No Longer Presenting at Oscars - Variety [entertainment-us]
Already Exists: David Johansen, New York Dolls Frontman, Dead at 75 - Vulture
Inserted: Sabrina Carpenter Opens 2025 BRIT Awards With ‘Espresso’ & ‘Bed Chem,’ Accepts Global Success Honor - Yahoo Entertainment [entertainment-us]
Inserted: Brit Awards go Brat as Charli XCX sweeps best artist and song of the year - BBC.com [entertainment-us]
Inserted: Francis Ford Coppola roasts 'gutless' Hollywood after Razzies 'worst director' win: 'An industry so terrified of risk' - New York Post  [entertainment-us]
Inserted: You Missed Something Key In ‘Severance’ Episode 7 This Week - Forbes [entertainment-us]
Inserted: Box Office: ‘Captain America’ Staying Above ‘Last Breath’ as Theaters Go Quiet Over Oscars Weekend - Variety [entertainment-us]
Already Exists: Oscars: 15 Moments To Watch Out For On Sunday – ‘Anora’, ‘Emilia’, Chalamet & Brody, ‘Conclave’ And Trump - Deadline
Already Exists: Michelle Trachtenberg's Jewish family reportedly declines autopsy for religious reasons - The Jerusalem Post
Already Exists: Do Jews Belong in America? - The FP
Already Exists: The hater's guide to the 2025 Oscars - SFGATE
Inserted: People Are Sharing The Most Overlooked Kinds Of Pain, And It's Important We Pay Attention - BuzzFeed [health-us]
Inserted: National Bird Flu Outbreak Kills Sandhill Cranes - Newsmax [health-us]
Inserted: Sad Case of The Youngest Person Ever Diagnosed With Alzheimer's - ScienceAlert [health-us]
Already Exists: Texas Official Warns Against ‘Measles Parties’ Amid Growing Outbreak - WIRED
Inserted: ‘Top Priority’: RFK Jr. Backtracks After Embarrassing Measles Misstep - Yahoo [health-us]
Inserted: Repairing DNA Damage: Scientists Identify New Benefits of Melatonin Supplementation - SciTechDaily [health-us]
Inserted: WHO says water contamination is suspected in one of the Congo villages struck by illness - CNN [health-us]
Inserted: Guest column | I’m still learning to fight my own stereotypes about aging — at age 67 - The Washington Post [health-us]
Inserted: 9 health benefits of dark chocolate (and the right time to eat) - The Times of India [health-us]
Inserted: Scientists describe new type of fat in human bellies - Livescience.com [health-us]
Inserted: Psilocybin increases emotional empathy in depressed individuals, study finds - PsyPost [health-us]
Inserted: Scientists Warn That Antidepressants May Do More Harm Than Good in Dementia Patients - SciTechDaily [health-us]
Inserted: Health unit identifies four measles exposure locations in Brant, Norfolk - Brantford Expositor [health-us]
Inserted: RFK Jr. Readies CDC For Changes In Vaccine Policies - Forbes [health-us]
Inserted: 10 Thoughtful Food and Drink Gifts for Flu and Cold Recovery - CNET [health-us]
Inserted: Multilingualism Starts Early: Study Challenges View on Language Learning - Neuroscience News [health-us]
Inserted: Scientists discovered a new way to prevent cold sores - The Brighter Side of News [health-us]
Inserted: 13 Foods to Boost and Strengthen Your Kidneys - CNET [health-us]
Inserted: Live | Top RI Doctor Chan Ranks Threat to Rhode Islanders From Bird Flu - GoLocalProv [health-us]
Inserted: Rise of pediatric flu cases is sending more children to the hospital - The Washington Post [health-us]
Already Exists: Russian cargo ship docks at space station with science, spacesuit and supplies - Space.com
Inserted: 100-million-year-old Dinosaur Eggs Reveal A Lost World In Ancient Utah - The Daily Galaxy --Great Discoveries Channel [science-us]
Inserted: FAA gives approval for next Starship test flight - SpaceNews [science-us]
Inserted: 'I think we all know that hope is fading.' Private Odin asteroid probe is tumbling in space - Space.com [science-us]
Inserted: The Nova Explosion Of "T Coronae Borealis" Expected In 2025 - The Daily Galaxy --Great Discoveries Channel [science-us]
Inserted: Scientists Revive 24,000-year-old Frozen Organisms - The Daily Galaxy --Great Discoveries Channel [science-us]
Inserted: NASA telescope will study what put the bang in the big bang - The Washington Post [science-us]
Inserted: You Won’t Believe What Mosquitoes Can Hear! - The Daily Galaxy --Great Discoveries Channel [science-us]
Inserted: New findings date Los Chocoyos supereruption to 79,500 years ago, and show Earth bounced back within decades - Phys.org [science-us]
Inserted: Athena Moon Lander Beams Back Stunning Images Of Earth From Space - The Daily Galaxy --Great Discoveries Channel [science-us]
Inserted: ‘We have misunderstood the universe’: James Webb telescope findings amaze scientists - AL.com [science-us]
Inserted: Planets That Formed With the Dinosaurs? The James Webb Telescope Just Unlocked Their Secrets! - The Daily Galaxy --Great Discoveries Channel [science-us]
Inserted: Historic Planetary Alignment: Photographer Captures All Eight Planets in Rare Panorama - Fstoppers [science-us]
Inserted: Ancient Bones Found in Cave Show Signs of Cannibalism - Newser [science-us]
Inserted: Lead-208's doubly magic nucleus defies expectations with surprising shape properties - Phys.org [science-us]
Inserted: Hubble sees mini galaxies surrounding Andromeda are pretty wild - Mashable [science-us]
Inserted: 'Cosmic Horseshoe' may contain black hole the size of 36 billion suns — one of the largest ever detected - Livescience.com [science-us]
Inserted: Partial solar eclipse 1 month away — The moon will take a 'bite' out of the sun on March 29 - Space.com [science-us]
Inserted: Breakthrough in Astronomy: First Flat Telescope Lens Captures Color and Distant Starlight - The Daily Galaxy --Great Discoveries Channel [science-us]
Inserted: Huge Amounts of Helium Discovered in Earth’s Core, Changing What We Thought About the Planet’s Formation - The Daily Galaxy --Great Discoveries Channel [science-us]
No data found for general-uk
No data found for sports-uk
No data found for politics-uk
No data found for business-uk
No data found for entertainment-uk
No data found for health-uk
No data found for science-uk
No data found for general-fr
No data found for sports-fr
No data found for politics-fr
No data found for business-fr
No data found for entertainment-fr
No data found for health-fr
No data found for science-fr
No data found for general-in
No data found for sports-in
No data found for politics-in
No data found for business-in
No data found for entertainment-in
No data found for health-in
No data found for science-in
No data found for general-it
No data found for sports-it
No data found for politics-it
No data found for business-it
No data found for entertainment-it
No data found for health-it
No data found for science-it

[3/3/2025, 12:15:00 pm] Fetching news...
Already Exists: Deebo Samuel is first move of a Washington receiver-room makeover - NBC Sports
Already Exists: Rob Manfred considering petition to remove Pete Rose from MLB’s ineligible list - New York Post 
Already Exists: WWE Elimination Chamber 2025 Results: Winners, Live Grades, Reaction, Highlights - Bleacher Report
Already Exists: More than a thousand people protest Vice President JD Vance’s visit to Vermont - VTDigger
Already Exists: Israel approves temporary extension of Gaza ceasefire - BBC.com
Already Exists: Grammy-nominated R&B singer Angie Stone dies in car crash - The Associated Press
Already Exists: Immediate Expansion of American Timber Production - The White House
Already Exists: Designating English as the Official Language of The United States - The White House
Already Exists: Anti-DOGE protests at Tesla stores target Elon Musk’s bottom line - The Associated Press
Already Exists: Gervonta Davis vs. Lamont Roach Jr. start time: Live stream, PPV price, undercard, where to watch, TV channel - CBS Sports
Already Exists: Judge extends block on Trump gender-affirming care federal funding ban - The Hill
Already Exists: Russian cargo ship docks at space station with science, spacesuit and supplies - Space.com
Already Exists: Pope Francis stable a day after respiratory crisis, spent ‘long periods’ off noninvasive ventilator - POLITICO
Already Exists: Samsung's Affordable Galaxy A36 and Galaxy A26 Will Get 6 Years of Software Updates - WIRED
Already Exists: David Johansen, New York Dolls Frontman, Dead at 75 - Vulture
Already Exists: Is Microsoft Outlook down? Company says service restored after outage Saturday afternoon - USA TODAY
Already Exists: Murkowski rebukes Trump over Ukraine: ‘Walking away from our allies’ - POLITICO
Already Exists: Andrew Cuomo attempts political comeback with run for New York City mayor - Financial Times
Already Exists: Isaiah Bond didn’t break Xavier Worthy’s 40-yard dash record - NBC Sports
Already Exists: Texas Official Warns Against ‘Measles Parties’ Amid Growing Outbreak - WIRED
Already Exists: Three Keys & a Pick: Illinois at No. 15 Michigan - 247Sports
Already Exists: Deebo Samuel is first move of a Washington receiver-room makeover - NBC Sports
Already Exists: Rob Manfred considering petition to remove Pete Rose from MLB’s ineligible list - New York Post 
Already Exists: Five takeaways from Indiana’s win at Washington - Inside the Hall
Already Exists: 'Mouthpiece gate!'… UFC fighters and fans go ballistic as UFC Vegas 103 star rallies to earn wild KO finish - Bloody Elbow
Already Exists: RELEASE: Blackhawks Trade Seth Jones to Panthers - NHL.com
Already Exists: GameCenter live: No. 18 UND at No. 4 Western Michigan - Grand Forks Herald
Already Exists: Missed opportunities plague South Carolina's offense in series loss to Clemson - On3.com
Already Exists: Gervonta Davis vs. Lamont Roach Jr. start time: Live stream, PPV price, undercard, where to watch, TV channel - CBS Sports
Already Exists: NC State Remains Winless on the Road, Georgia Tech Wins 87-62 - Backing The Pack
Already Exists: NCA Dallas cheer parent fight sparks police response, not active shooter: Police - WFAA.com
Already Exists: Patriots Could Receive Mulligan After Failed Blockbuster Attempt - NESN
Already Exists: TV viewers irate after ABC's Kentucky-Auburn broadcast goes out for more than 30 minutes - Yahoo Sports
Already Exists: Full list of NFL combine results, 40-yard dash times, plus QB, RB and WR winners and losers from measurements - CBS Sports
Already Exists: Islanders Goalie Illya Sorokin Completes Play You Hardly Ever See In The NHL - Outkick
Already Exists: St. John’s clinches first outright Big East regular season title since 1984-85 with win over Seton Hall - New York Post 
Already Exists: UNC-Miami: Hubert Davis Postgame Q&A - 247Sports
Already Exists: Isaiah Bond didn’t break Xavier Worthy’s 40-yard dash record - NBC Sports
Already Exists: Jaxson Robinson will undergo season-ending wrist surgery next week - KSR
Already Exists: Deebo Samuel is first move of a Washington receiver-room makeover - NBC Sports
Already Exists: Rob Manfred considering petition to remove Pete Rose from MLB’s ineligible list - New York Post 
Already Exists: WWE Elimination Chamber 2025 Results: Winners, Live Grades, Reaction, Highlights - Bleacher Report
Already Exists: More than a thousand people protest Vice President JD Vance’s visit to Vermont - VTDigger
Already Exists: Israel approves temporary extension of Gaza ceasefire - BBC.com
Already Exists: Grammy-nominated R&B singer Angie Stone dies in car crash - The Associated Press
Already Exists: Immediate Expansion of American Timber Production - The White House
Already Exists: Designating English as the Official Language of The United States - The White House
Already Exists: Anti-DOGE protests at Tesla stores target Elon Musk’s bottom line - The Associated Press
Already Exists: Gervonta Davis vs. Lamont Roach Jr. start time: Live stream, PPV price, undercard, where to watch, TV channel - CBS Sports
Already Exists: Judge extends block on Trump gender-affirming care federal funding ban - The Hill
Already Exists: Russian cargo ship docks at space station with science, spacesuit and supplies - Space.com
Already Exists: Pope Francis stable a day after respiratory crisis, spent ‘long periods’ off noninvasive ventilator - POLITICO
Already Exists: Samsung's Affordable Galaxy A36 and Galaxy A26 Will Get 6 Years of Software Updates - WIRED
Already Exists: David Johansen, New York Dolls Frontman, Dead at 75 - Vulture
Already Exists: Is Microsoft Outlook down? Company says service restored after outage Saturday afternoon - USA TODAY
Already Exists: Murkowski rebukes Trump over Ukraine: ‘Walking away from our allies’ - POLITICO
Already Exists: Andrew Cuomo attempts political comeback with run for New York City mayor - Financial Times
Already Exists: Isaiah Bond didn’t break Xavier Worthy’s 40-yard dash record - NBC Sports
Already Exists: Texas Official Warns Against ‘Measles Parties’ Amid Growing Outbreak - WIRED
Already Exists: In the US, DEI is under attack. But under a different name, it might live on - BBC.com
Already Exists: Anti-DOGE protests at Tesla stores target Elon Musk’s bottom line - The Associated Press
Already Exists: Is Microsoft Outlook down? Company says service restored after outage Saturday afternoon - USA TODAY
Already Exists: Elon Musk Calls Social Security 'The Biggest Ponzi Scheme Of All Time' - HuffPost
Already Exists: The US economy has suddenly been thrown into reverse as key GDP indicator flashes stunning negative forecast - Fortune
Already Exists: Elon Musk defends DOGE, blasts Social Security in marathon Rogan appearance - Washington Times
Already Exists: Another 'near miss': Citigroup mistakenly credited a customer account with $81 trillion - CNBC
Already Exists: Jeff Bezos Is Scared to Have an Open Debate on Economics - Jacobin magazine
Already Exists: Florida’s Surfside law helps developers as condo owners face spiking fees and foreclosures - Miami Herald
Already Exists: This Week in Bitcoin: Crashing Under $80K, Worst ETF Day Ever, and States Reject Reserves - Decrypt
Already Exists: With Joann closing, these 12 Portland stores can meet your fabric needs - OregonLive
Already Exists: Video captures FedEx plane's engine in flames after bird collision - ABC News
Already Exists: GSA eliminates 18F - Nextgov/FCW
Already Exists: Should You Buy Nvidia Stock After Its Blowout Q4 Results? - The Motley Fool
Already Exists: Trump — or America's "first crypto president" — to host White House summit - Axios
Already Exists: Elon Musk and Neuralink exec Shivon Zilis welcome fourth child together - Business Insider
Already Exists: Memecoins: From social experiment to retail ‘value extraction’ tools - Cointelegraph
Already Exists: Worries Mount That Trump Agenda Is Testing Economy’s Resilience - The Wall Street Journal
Already Exists: SpaceX’s Starlink could have some advantages over Verizon in bid for FAA contract takeover, experts say. It could also trigger a slew of conflict-of-interest lawsuits from competitors - Fortune
Already Exists: Brit Awards 2025: Millie Bobby Brown to Sabrina Carpenter, 7 best celeb looks at star-studded awards show in pics - Hindustan Times
Already Exists: WWE Elimination Chamber 2025 Results: Winners, Live Grades, Reaction, Highlights - Bleacher Report
Already Exists: Bowen Yang Claps Back at ‘SNL’ Background Actor Accusing Him of Getting Shane Gillis Fired - Hollywood Reporter
Already Exists: Grammy-nominated R&B singer Angie Stone dies in car crash - The Associated Press
Already Exists: G-Eazy Lists Hollywood Hills Home for $3.7 Million - TMZ
Already Exists: Harrison Ford No Longer Presenting at Oscars - Variety
Already Exists: David Johansen, New York Dolls Frontman, Dead at 75 - Vulture
Already Exists: Sabrina Carpenter Opens 2025 BRIT Awards With ‘Espresso’ & ‘Bed Chem,’ Accepts Global Success Honor - Yahoo Entertainment
Already Exists: Brit Awards go Brat as Charli XCX sweeps best artist and song of the year - BBC.com
Already Exists: Francis Ford Coppola roasts 'gutless' Hollywood after Razzies 'worst director' win: 'An industry so terrified of risk' - New York Post 
Already Exists: You Missed Something Key In ‘Severance’ Episode 7 This Week - Forbes
Already Exists: Box Office: ‘Captain America’ Staying Above ‘Last Breath’ as Theaters Go Quiet Over Oscars Weekend - Variety
Already Exists: Oscars: 15 Moments To Watch Out For On Sunday – ‘Anora’, ‘Emilia’, Chalamet & Brody, ‘Conclave’ And Trump - Deadline
Already Exists: Michelle Trachtenberg's Jewish family reportedly declines autopsy for religious reasons - The Jerusalem Post
Already Exists: Do Jews Belong in America? - The FP
Already Exists: The hater's guide to the 2025 Oscars - SFGATE
Already Exists: People Are Sharing The Most Overlooked Kinds Of Pain, And It's Important We Pay Attention - BuzzFeed
Already Exists: National Bird Flu Outbreak Kills Sandhill Cranes - Newsmax
Already Exists: Sad Case of The Youngest Person Ever Diagnosed With Alzheimer's - ScienceAlert
Already Exists: Texas Official Warns Against ‘Measles Parties’ Amid Growing Outbreak - WIRED
Already Exists: ‘Top Priority’: RFK Jr. Backtracks After Embarrassing Measles Misstep - Yahoo
Already Exists: Repairing DNA Damage: Scientists Identify New Benefits of Melatonin Supplementation - SciTechDaily
Already Exists: WHO says water contamination is suspected in one of the Congo villages struck by illness - CNN
Already Exists: Guest column | I’m still learning to fight my own stereotypes about aging — at age 67 - The Washington Post
Already Exists: 9 health benefits of dark chocolate (and the right time to eat) - The Times of India
Already Exists: Scientists describe new type of fat in human bellies - Livescience.com
Already Exists: Psilocybin increases emotional empathy in depressed individuals, study finds - PsyPost
Already Exists: Scientists Warn That Antidepressants May Do More Harm Than Good in Dementia Patients - SciTechDaily
Already Exists: Health unit identifies four measles exposure locations in Brant, Norfolk - Brantford Expositor
Already Exists: RFK Jr. Readies CDC For Changes In Vaccine Policies - Forbes
Already Exists: 10 Thoughtful Food and Drink Gifts for Flu and Cold Recovery - CNET
Already Exists: Multilingualism Starts Early: Study Challenges View on Language Learning - Neuroscience News
Already Exists: Scientists discovered a new way to prevent cold sores - The Brighter Side of News
Already Exists: 13 Foods to Boost and Strengthen Your Kidneys - CNET
Already Exists: Live | Top RI Doctor Chan Ranks Threat to Rhode Islanders From Bird Flu - GoLocalProv
Already Exists: Rise of pediatric flu cases is sending more children to the hospital - The Washington Post
Already Exists: Russian cargo ship docks at space station with science, spacesuit and supplies - Space.com
Already Exists: 100-million-year-old Dinosaur Eggs Reveal A Lost World In Ancient Utah - The Daily Galaxy --Great Discoveries Channel
Already Exists: FAA gives approval for next Starship test flight - SpaceNews
Already Exists: 'I think we all know that hope is fading.' Private Odin asteroid probe is tumbling in space - Space.com
Already Exists: The Nova Explosion Of "T Coronae Borealis" Expected In 2025 - The Daily Galaxy --Great Discoveries Channel
Already Exists: Scientists Revive 24,000-year-old Frozen Organisms - The Daily Galaxy --Great Discoveries Channel
Already Exists: NASA telescope will study what put the bang in the big bang - The Washington Post
Already Exists: You Won’t Believe What Mosquitoes Can Hear! - The Daily Galaxy --Great Discoveries Channel
Already Exists: New findings date Los Chocoyos supereruption to 79,500 years ago, and show Earth bounced back within decades - Phys.org
Already Exists: Athena Moon Lander Beams Back Stunning Images Of Earth From Space - The Daily Galaxy --Great Discoveries Channel
Already Exists: ‘We have misunderstood the universe’: James Webb telescope findings amaze scientists - AL.com
Already Exists: Planets That Formed With the Dinosaurs? The James Webb Telescope Just Unlocked Their Secrets! - The Daily Galaxy --Great Discoveries Channel
Already Exists: Historic Planetary Alignment: Photographer Captures All Eight Planets in Rare Panorama - Fstoppers
Already Exists: Ancient Bones Found in Cave Show Signs of Cannibalism - Newser
Already Exists: Lead-208's doubly magic nucleus defies expectations with surprising shape properties - Phys.org
Already Exists: Hubble sees mini galaxies surrounding Andromeda are pretty wild - Mashable
Already Exists: 'Cosmic Horseshoe' may contain black hole the size of 36 billion suns — one of the largest ever detected - Livescience.com
Already Exists: Partial solar eclipse 1 month away — The moon will take a 'bite' out of the sun on March 29 - Space.com
Already Exists: Breakthrough in Astronomy: First Flat Telescope Lens Captures Color and Distant Starlight - The Daily Galaxy --Great Discoveries Channel
Already Exists: Huge Amounts of Helium Discovered in Earth’s Core, Changing What We Thought About the Planet’s Formation - The Daily Galaxy --Great Discoveries Channel
No data found for general-uk
No data found for sports-uk
No data found for politics-uk
No data found for business-uk
No data found for entertainment-uk
No data found for health-uk
No data found for science-uk
No data found for general-fr
No data found for sports-fr
No data found for politics-fr
No data found for business-fr
No data found for entertainment-fr
No data found for health-fr
No data found for science-fr
No data found for general-in
No data found for sports-in
No data found for politics-in
No data found for business-in
No data found for entertainment-in
No data found for health-in
No data found for science-in
No data found for general-it
No data found for sports-it
No data found for politics-it
No data found for business-it
No data found for entertainment-it
No data found for health-it
No data found for science-it

[3/3/2025, 12:30:00 pm] Fetching news...
Already Exists: Deebo Samuel is first move of a Washington receiver-room makeover - NBC Sports
Already Exists: Rob Manfred considering petition to remove Pete Rose from MLB’s ineligible list - New York Post 
Already Exists: WWE Elimination Chamber 2025 Results: Winners, Live Grades, Reaction, Highlights - Bleacher Report
Already Exists: More than a thousand people protest Vice President JD Vance’s visit to Vermont - VTDigger
Already Exists: Israel approves temporary extension of Gaza ceasefire - BBC.com
Already Exists: Grammy-nominated R&B singer Angie Stone dies in car crash - The Associated Press
Already Exists: Immediate Expansion of American Timber Production - The White House
Already Exists: Designating English as the Official Language of The United States - The White House
Already Exists: Anti-DOGE protests at Tesla stores target Elon Musk’s bottom line - The Associated Press
Already Exists: Gervonta Davis vs. Lamont Roach Jr. start time: Live stream, PPV price, undercard, where to watch, TV channel - CBS Sports
Already Exists: Judge extends block on Trump gender-affirming care federal funding ban - The Hill
Already Exists: Russian cargo ship docks at space station with science, spacesuit and supplies - Space.com
Already Exists: Pope Francis stable a day after respiratory crisis, spent ‘long periods’ off noninvasive ventilator - POLITICO
Already Exists: Samsung's Affordable Galaxy A36 and Galaxy A26 Will Get 6 Years of Software Updates - WIRED
Already Exists: David Johansen, New York Dolls Frontman, Dead at 75 - Vulture
Already Exists: Is Microsoft Outlook down? Company says service restored after outage Saturday afternoon - USA TODAY
Already Exists: Murkowski rebukes Trump over Ukraine: ‘Walking away from our allies’ - POLITICO
Already Exists: Andrew Cuomo attempts political comeback with run for New York City mayor - Financial Times
Already Exists: Isaiah Bond didn’t break Xavier Worthy’s 40-yard dash record - NBC Sports
Already Exists: Texas Official Warns Against ‘Measles Parties’ Amid Growing Outbreak - WIRED
Already Exists: Three Keys & a Pick: Illinois at No. 15 Michigan - 247Sports
Already Exists: Deebo Samuel is first move of a Washington receiver-room makeover - NBC Sports
Already Exists: Rob Manfred considering petition to remove Pete Rose from MLB’s ineligible list - New York Post 
Already Exists: Five takeaways from Indiana’s win at Washington - Inside the Hall
Already Exists: 'Mouthpiece gate!'… UFC fighters and fans go ballistic as UFC Vegas 103 star rallies to earn wild KO finish - Bloody Elbow
Already Exists: RELEASE: Blackhawks Trade Seth Jones to Panthers - NHL.com
Already Exists: GameCenter live: No. 18 UND at No. 4 Western Michigan - Grand Forks Herald
Already Exists: Missed opportunities plague South Carolina's offense in series loss to Clemson - On3.com
Already Exists: Gervonta Davis vs. Lamont Roach Jr. start time: Live stream, PPV price, undercard, where to watch, TV channel - CBS Sports
Already Exists: NC State Remains Winless on the Road, Georgia Tech Wins 87-62 - Backing The Pack
Already Exists: NCA Dallas cheer parent fight sparks police response, not active shooter: Police - WFAA.com
Already Exists: Patriots Could Receive Mulligan After Failed Blockbuster Attempt - NESN
Already Exists: TV viewers irate after ABC's Kentucky-Auburn broadcast goes out for more than 30 minutes - Yahoo Sports
Already Exists: Full list of NFL combine results, 40-yard dash times, plus QB, RB and WR winners and losers from measurements - CBS Sports
Already Exists: Islanders Goalie Illya Sorokin Completes Play You Hardly Ever See In The NHL - Outkick
Already Exists: St. John’s clinches first outright Big East regular season title since 1984-85 with win over Seton Hall - New York Post 
Already Exists: UNC-Miami: Hubert Davis Postgame Q&A - 247Sports
Already Exists: Isaiah Bond didn’t break Xavier Worthy’s 40-yard dash record - NBC Sports
Already Exists: Jaxson Robinson will undergo season-ending wrist surgery next week - KSR
Already Exists: Deebo Samuel is first move of a Washington receiver-room makeover - NBC Sports
Already Exists: Rob Manfred considering petition to remove Pete Rose from MLB’s ineligible list - New York Post 
Already Exists: WWE Elimination Chamber 2025 Results: Winners, Live Grades, Reaction, Highlights - Bleacher Report
Already Exists: More than a thousand people protest Vice President JD Vance’s visit to Vermont - VTDigger
Already Exists: Israel approves temporary extension of Gaza ceasefire - BBC.com
Already Exists: Grammy-nominated R&B singer Angie Stone dies in car crash - The Associated Press
Already Exists: Immediate Expansion of American Timber Production - The White House
Already Exists: Designating English as the Official Language of The United States - The White House
Already Exists: Anti-DOGE protests at Tesla stores target Elon Musk’s bottom line - The Associated Press
Already Exists: Gervonta Davis vs. Lamont Roach Jr. start time: Live stream, PPV price, undercard, where to watch, TV channel - CBS Sports
Already Exists: Judge extends block on Trump gender-affirming care federal funding ban - The Hill
Already Exists: Russian cargo ship docks at space station with science, spacesuit and supplies - Space.com
Already Exists: Pope Francis stable a day after respiratory crisis, spent ‘long periods’ off noninvasive ventilator - POLITICO
Already Exists: Samsung's Affordable Galaxy A36 and Galaxy A26 Will Get 6 Years of Software Updates - WIRED
Already Exists: David Johansen, New York Dolls Frontman, Dead at 75 - Vulture
Already Exists: Is Microsoft Outlook down? Company says service restored after outage Saturday afternoon - USA TODAY
Already Exists: Murkowski rebukes Trump over Ukraine: ‘Walking away from our allies’ - POLITICO
Already Exists: Andrew Cuomo attempts political comeback with run for New York City mayor - Financial Times
Already Exists: Isaiah Bond didn’t break Xavier Worthy’s 40-yard dash record - NBC Sports
Already Exists: Texas Official Warns Against ‘Measles Parties’ Amid Growing Outbreak - WIRED
Already Exists: In the US, DEI is under attack. But under a different name, it might live on - BBC.com
Already Exists: Anti-DOGE protests at Tesla stores target Elon Musk’s bottom line - The Associated Press
Already Exists: Is Microsoft Outlook down? Company says service restored after outage Saturday afternoon - USA TODAY
Already Exists: Elon Musk Calls Social Security 'The Biggest Ponzi Scheme Of All Time' - HuffPost
Already Exists: The US economy has suddenly been thrown into reverse as key GDP indicator flashes stunning negative forecast - Fortune
Already Exists: Elon Musk defends DOGE, blasts Social Security in marathon Rogan appearance - Washington Times
Already Exists: Another 'near miss': Citigroup mistakenly credited a customer account with $81 trillion - CNBC
Already Exists: Jeff Bezos Is Scared to Have an Open Debate on Economics - Jacobin magazine
Already Exists: Florida’s Surfside law helps developers as condo owners face spiking fees and foreclosures - Miami Herald
Already Exists: This Week in Bitcoin: Crashing Under $80K, Worst ETF Day Ever, and States Reject Reserves - Decrypt
Already Exists: With Joann closing, these 12 Portland stores can meet your fabric needs - OregonLive
Already Exists: Video captures FedEx plane's engine in flames after bird collision - ABC News
Already Exists: GSA eliminates 18F - Nextgov/FCW
Already Exists: Should You Buy Nvidia Stock After Its Blowout Q4 Results? - The Motley Fool
Already Exists: Trump — or America's "first crypto president" — to host White House summit - Axios
Already Exists: Elon Musk and Neuralink exec Shivon Zilis welcome fourth child together - Business Insider
Already Exists: Memecoins: From social experiment to retail ‘value extraction’ tools - Cointelegraph
Already Exists: Worries Mount That Trump Agenda Is Testing Economy’s Resilience - The Wall Street Journal
Already Exists: SpaceX’s Starlink could have some advantages over Verizon in bid for FAA contract takeover, experts say. It could also trigger a slew of conflict-of-interest lawsuits from competitors - Fortune
Already Exists: Brit Awards 2025: Millie Bobby Brown to Sabrina Carpenter, 7 best celeb looks at star-studded awards show in pics - Hindustan Times
Already Exists: WWE Elimination Chamber 2025 Results: Winners, Live Grades, Reaction, Highlights - Bleacher Report
Already Exists: Bowen Yang Claps Back at ‘SNL’ Background Actor Accusing Him of Getting Shane Gillis Fired - Hollywood Reporter
Already Exists: Grammy-nominated R&B singer Angie Stone dies in car crash - The Associated Press
Already Exists: G-Eazy Lists Hollywood Hills Home for $3.7 Million - TMZ
Already Exists: Harrison Ford No Longer Presenting at Oscars - Variety
Already Exists: David Johansen, New York Dolls Frontman, Dead at 75 - Vulture
Already Exists: Sabrina Carpenter Opens 2025 BRIT Awards With ‘Espresso’ & ‘Bed Chem,’ Accepts Global Success Honor - Yahoo Entertainment
Already Exists: Brit Awards go Brat as Charli XCX sweeps best artist and song of the year - BBC.com
Already Exists: Francis Ford Coppola roasts 'gutless' Hollywood after Razzies 'worst director' win: 'An industry so terrified of risk' - New York Post 
Already Exists: You Missed Something Key In ‘Severance’ Episode 7 This Week - Forbes
Already Exists: Box Office: ‘Captain America’ Staying Above ‘Last Breath’ as Theaters Go Quiet Over Oscars Weekend - Variety
Already Exists: Oscars: 15 Moments To Watch Out For On Sunday – ‘Anora’, ‘Emilia’, Chalamet & Brody, ‘Conclave’ And Trump - Deadline
Already Exists: Michelle Trachtenberg's Jewish family reportedly declines autopsy for religious reasons - The Jerusalem Post
Already Exists: Do Jews Belong in America? - The FP
Already Exists: The hater's guide to the 2025 Oscars - SFGATE
Already Exists: People Are Sharing The Most Overlooked Kinds Of Pain, And It's Important We Pay Attention - BuzzFeed
Already Exists: National Bird Flu Outbreak Kills Sandhill Cranes - Newsmax
Already Exists: Sad Case of The Youngest Person Ever Diagnosed With Alzheimer's - ScienceAlert
Already Exists: Texas Official Warns Against ‘Measles Parties’ Amid Growing Outbreak - WIRED
Already Exists: ‘Top Priority’: RFK Jr. Backtracks After Embarrassing Measles Misstep - Yahoo
Already Exists: Repairing DNA Damage: Scientists Identify New Benefits of Melatonin Supplementation - SciTechDaily
Already Exists: WHO says water contamination is suspected in one of the Congo villages struck by illness - CNN
Already Exists: Guest column | I’m still learning to fight my own stereotypes about aging — at age 67 - The Washington Post
Already Exists: 9 health benefits of dark chocolate (and the right time to eat) - The Times of India
Already Exists: Scientists describe new type of fat in human bellies - Livescience.com
Already Exists: Psilocybin increases emotional empathy in depressed individuals, study finds - PsyPost
Already Exists: Scientists Warn That Antidepressants May Do More Harm Than Good in Dementia Patients - SciTechDaily
Already Exists: Health unit identifies four measles exposure locations in Brant, Norfolk - Brantford Expositor
Already Exists: RFK Jr. Readies CDC For Changes In Vaccine Policies - Forbes
Already Exists: 10 Thoughtful Food and Drink Gifts for Flu and Cold Recovery - CNET
Already Exists: Multilingualism Starts Early: Study Challenges View on Language Learning - Neuroscience News
Already Exists: Scientists discovered a new way to prevent cold sores - The Brighter Side of News
Already Exists: 13 Foods to Boost and Strengthen Your Kidneys - CNET
Already Exists: Live | Top RI Doctor Chan Ranks Threat to Rhode Islanders From Bird Flu - GoLocalProv
Already Exists: Rise of pediatric flu cases is sending more children to the hospital - The Washington Post
Already Exists: Russian cargo ship docks at space station with science, spacesuit and supplies - Space.com
Already Exists: 100-million-year-old Dinosaur Eggs Reveal A Lost World In Ancient Utah - The Daily Galaxy --Great Discoveries Channel
Already Exists: FAA gives approval for next Starship test flight - SpaceNews
Already Exists: 'I think we all know that hope is fading.' Private Odin asteroid probe is tumbling in space - Space.com
Already Exists: The Nova Explosion Of "T Coronae Borealis" Expected In 2025 - The Daily Galaxy --Great Discoveries Channel
Already Exists: Scientists Revive 24,000-year-old Frozen Organisms - The Daily Galaxy --Great Discoveries Channel
Already Exists: NASA telescope will study what put the bang in the big bang - The Washington Post
Already Exists: You Won’t Believe What Mosquitoes Can Hear! - The Daily Galaxy --Great Discoveries Channel
Already Exists: New findings date Los Chocoyos supereruption to 79,500 years ago, and show Earth bounced back within decades - Phys.org
Already Exists: Athena Moon Lander Beams Back Stunning Images Of Earth From Space - The Daily Galaxy --Great Discoveries Channel
Already Exists: ‘We have misunderstood the universe’: James Webb telescope findings amaze scientists - AL.com
Already Exists: Planets That Formed With the Dinosaurs? The James Webb Telescope Just Unlocked Their Secrets! - The Daily Galaxy --Great Discoveries Channel
Already Exists: Historic Planetary Alignment: Photographer Captures All Eight Planets in Rare Panorama - Fstoppers
Already Exists: Ancient Bones Found in Cave Show Signs of Cannibalism - Newser
Already Exists: Lead-208's doubly magic nucleus defies expectations with surprising shape properties - Phys.org
Already Exists: Hubble sees mini galaxies surrounding Andromeda are pretty wild - Mashable
Already Exists: 'Cosmic Horseshoe' may contain black hole the size of 36 billion suns — one of the largest ever detected - Livescience.com
Already Exists: Partial solar eclipse 1 month away — The moon will take a 'bite' out of the sun on March 29 - Space.com
Already Exists: Breakthrough in Astronomy: First Flat Telescope Lens Captures Color and Distant Starlight - The Daily Galaxy --Great Discoveries Channel
Already Exists: Huge Amounts of Helium Discovered in Earth’s Core, Changing What We Thought About the Planet’s Formation - The Daily Galaxy --Great Discoveries Channel
No data found for general-uk
No data found for sports-uk
No data found for politics-uk
No data found for business-uk
No data found for entertainment-uk
No data found for health-uk
No data found for science-uk
No data found for general-fr
No data found for sports-fr
No data found for politics-fr
No data found for business-fr
No data found for entertainment-fr
No data found for health-fr
No data found for science-fr
No data found for general-in
No data found for sports-in
No data found for politics-in
No data found for business-in
API Error: Request failed with status code 429
API Error: Request failed with status code 429
API Error: Request failed with status code 429
API Error: Request failed with status code 429
API Error: Request failed with status code 429
API Error: Request failed with status code 429
API Error: Request failed with status code 429
API Error: Request failed with status code 429
API Error: Request failed with status code 429
API Error: Request failed with status code 429

[3/3/2025, 12:45:00 pm] Fetching news...
API Error: Request failed with status code 429
API Error: Request failed with status code 429
API Error: Request failed with status code 429
API Error: Request failed with status code 429
API Error: Request failed with status code 429
API Error: Request failed with status code 429
API Error: Request failed with status code 429
API Error: Request failed with status code 429
API Error: Request failed with status code 429
API Error: Request failed with status code 429
API Error: Request failed with status code 429
API Error: Request failed with status code 429
API Error: Request failed with status code 429
API Error: Request failed with status code 429
API Error: Request failed with status code 429
API Error: Request failed with status code 429
API Error: Request failed with status code 429
API Error: Request failed with status code 429
API Error: Request failed with status code 429
API Error: Request failed with status code 429
API Error: Request failed with status code 429
API Error: Request failed with status code 429
API Error: Request failed with status code 429
API Error: Request failed with status code 429
API Error: Request failed with status code 429
API Error: Request failed with status code 429
API Error: Request failed with status code 429
API Error: Request failed with status code 429
API Error: Request failed with status code 429
API Error: Request failed with status code 429
API Error: Request failed with status code 429
API Error: Request failed with status code 429
API Error: Request failed with status code 429
API Error: Request failed with status code 429
API Error: Request failed with status code 429

[3/3/2025, 1:00:00 pm] Fetching news...
API Error: Request failed with status code 429
API Error: Request failed with status code 429
API Error: Request failed with status code 429
API Error: Request failed with status code 429
API Error: Request failed with status code 429
API Error: Request failed with status code 429
API Error: Request failed with status code 429
API Error: Request failed with status code 429
API Error: Request failed with status code 429
API Error: Request failed with status code 429
API Error: Request failed with status code 429
API Error: Request failed with status code 429
API Error: Request failed with status code 429
API Error: Request failed with status code 429
API Error: Request failed with status code 429
API Error: Request failed with status code 429
API Error: Request failed with status code 429
API Error: Request failed with status code 429
API Error: Request failed with status code 429
API Error: Request failed with status code 429
API Error: Request failed with status code 429
API Error: Request failed with status code 429
API Error: Request failed with status code 429
API Error: Request failed with status code 429
API Error: Request failed with status code 429
API Error: Request failed with status code 429
API Error: Request failed with status code 429
API Error: Request failed with status code 429
API Error: Request failed with status code 429
API Error: Request failed with status code 429
API Error: Request failed with status code 429
API Error: Request failed with status code 429
API Error: Request failed with status code 429
API Error: Request failed with status code 429
API Error: Request failed with status code 429

[3/3/2025, 1:15:00 pm] Fetching news...
API Error: Request failed with status code 429
API Error: Request failed with status code 429
API Error: Request failed with status code 429
API Error: Request failed with status code 429
API Error: Request failed with status code 429
API Error: Request failed with status code 429
API Error: Request failed with status code 429
API Error: Request failed with status code 429
API Error: Request failed with status code 429
API Error: Request failed with status code 429
API Error: Request failed with status code 429
API Error: Request failed with status code 429
API Error: Request failed with status code 429
API Error: Request failed with status code 429
API Error: Request failed with status code 429
API Error: Request failed with status code 429
API Error: Request failed with status code 429
API Error: Request failed with status code 429
API Error: Request failed with status code 429
API Error: Request failed with status code 429
API Error: Request failed with status code 429
API Error: Request failed with status code 429
API Error: Request failed with status code 429
API Error: Request failed with status code 429
API Error: Request failed with status code 429
API Error: Request failed with status code 429
API Error: Request failed with status code 429
API Error: Request failed with status code 429
API Error: Request failed with status code 429
API Error: Request failed with status code 429
API Error: Request failed with status code 429
API Error: Request failed with status code 429
API Error: Request failed with status code 429
API Error: Request failed with status code 429
API Error: Request failed with status code 429

[3/3/2025, 7:45:00 pm] Fetching news...
API Error: Request failed with status code 429
API Error: Request failed with status code 429
API Error: Request failed with status code 429
API Error: Request failed with status code 429
API Error: Request failed with status code 429
API Error: Request failed with status code 429
API Error: Request failed with status code 429
API Error: Request failed with status code 429
API Error: Request failed with status code 429
API Error: Request failed with status code 429
API Error: Request failed with status code 429
API Error: Request failed with status code 429
API Error: Request failed with status code 429
API Error: Request failed with status code 429
API Error: Request failed with status code 429
API Error: Request failed with status code 429
API Error: Request failed with status code 429
API Error: Request failed with status code 429
API Error: Request failed with status code 429
API Error: Request failed with status code 429
API Error: Request failed with status code 429
API Error: Request failed with status code 429
API Error: Request failed with status code 429
API Error: Request failed with status code 429
API Error: Request failed with status code 429
API Error: Request failed with status code 429
API Error: Request failed with status code 429
API Error: Request failed with status code 429
API Error: Request failed with status code 429
API Error: Request failed with status code 429
API Error: Request failed with status code 429
API Error: Request failed with status code 429
API Error: Request failed with status code 429
API Error: Request failed with status code 429
API Error: Request failed with status code 429

[3/3/2025, 8:00:00 pm] Fetching news...
API Error: Request failed with status code 429
API Error: Request failed with status code 429
API Error: Request failed with status code 429
API Error: Request failed with status code 429
API Error: Request failed with status code 429
API Error: Request failed with status code 429
API Error: Request failed with status code 429
API Error: Request failed with status code 429
API Error: Request failed with status code 429
API Error: Request failed with status code 429
API Error: Request failed with status code 429
API Error: Request failed with status code 429
API Error: Request failed with status code 429
API Error: Request failed with status code 429
API Error: Request failed with status code 429
API Error: Request failed with status code 429
API Error: Request failed with status code 429
API Error: Request failed with status code 429
API Error: Request failed with status code 429
API Error: Request failed with status code 429
API Error: Request failed with status code 429
API Error: Request failed with status code 429
API Error: Request failed with status code 429
API Error: Request failed with status code 429
API Error: Request failed with status code 429
API Error: Request failed with status code 429
API Error: Request failed with status code 429
API Error: Request failed with status code 429
API Error: Request failed with status code 429
API Error: Request failed with status code 429
API Error: Request failed with status code 429
API Error: Request failed with status code 429
API Error: Request failed with status code 429
API Error: Request failed with status code 429
API Error: Request failed with status code 429

[3/3/2025, 8:15:00 pm] Fetching news...
API Error: Request failed with status code 429
API Error: Request failed with status code 429
API Error: Request failed with status code 429
API Error: Request failed with status code 429
API Error: Request failed with status code 429
API Error: Request failed with status code 429
API Error: Request failed with status code 429
API Error: Request failed with status code 429
API Error: Request failed with status code 429
API Error: Request failed with status code 429
API Error: Request failed with status code 429
API Error: Request failed with status code 429
API Error: Request failed with status code 429
API Error: Request failed with status code 429
API Error: Request failed with status code 429
API Error: Request failed with status code 429
API Error: Request failed with status code 429
API Error: Request failed with status code 429
API Error: Request failed with status code 429
API Error: Request failed with status code 429
API Error: Request failed with status code 429
API Error: Request failed with status code 429
API Error: Request failed with status code 429
API Error: Request failed with status code 429
API Error: Request failed with status code 429
API Error: Request failed with status code 429
API Error: Request failed with status code 429
API Error: Request failed with status code 429
API Error: Request failed with status code 429
API Error: Request failed with status code 429
API Error: Request failed with status code 429
API Error: Request failed with status code 429
API Error: Request failed with status code 429
API Error: Request failed with status code 429
API Error: Request failed with status code 429

[3/3/2025, 8:30:00 pm] Fetching news...
API Error: Request failed with status code 429
API Error: Request failed with status code 429
API Error: Request failed with status code 429
API Error: Request failed with status code 429
API Error: Request failed with status code 429
API Error: Request failed with status code 429
API Error: Request failed with status code 429
API Error: Request failed with status code 429
API Error: Request failed with status code 429
API Error: Request failed with status code 429
API Error: Request failed with status code 429
API Error: Request failed with status code 429
API Error: Request failed with status code 429
API Error: Request failed with status code 429
API Error: Request failed with status code 429
API Error: Request failed with status code 429
API Error: Request failed with status code 429
API Error: Request failed with status code 429
API Error: Request failed with status code 429
API Error: Request failed with status code 429
API Error: Request failed with status code 429
API Error: Request failed with status code 429
API Error: Request failed with status code 429
API Error: Request failed with status code 429
API Error: Request failed with status code 429
API Error: Request failed with status code 429
API Error: Request failed with status code 429
API Error: Request failed with status code 429
API Error: Request failed with status code 429
API Error: Request failed with status code 429
API Error: Request failed with status code 429
API Error: Request failed with status code 429
API Error: Request failed with status code 429
API Error: Request failed with status code 429
API Error: Request failed with status code 429

[3/3/2025, 8:45:00 pm] Fetching news...
API Error: Request failed with status code 429
API Error: Request failed with status code 429
API Error: Request failed with status code 429
API Error: Request failed with status code 429
API Error: Request failed with status code 429
API Error: Request failed with status code 429
API Error: Request failed with status code 429
API Error: Request failed with status code 429
API Error: Request failed with status code 429
API Error: Request failed with status code 429
API Error: Request failed with status code 429
API Error: Request failed with status code 429
API Error: Request failed with status code 429
API Error: Request failed with status code 429
API Error: Request failed with status code 429
API Error: Request failed with status code 429
API Error: Request failed with status code 429
API Error: Request failed with status code 429
API Error: Request failed with status code 429
API Error: Request failed with status code 429
API Error: Request failed with status code 429
API Error: Request failed with status code 429
API Error: Request failed with status code 429
API Error: Request failed with status code 429
API Error: Request failed with status code 429
API Error: Request failed with status code 429
API Error: Request failed with status code 429
API Error: Request failed with status code 429
API Error: Request failed with status code 429
API Error: Request failed with status code 429
API Error: Request failed with status code 429
API Error: Request failed with status code 429
API Error: Request failed with status code 429
API Error: Request failed with status code 429
API Error: Request failed with status code 429

[3/3/2025, 9:00:00 pm] Fetching news...
API Error: Request failed with status code 429
API Error: Request failed with status code 429
API Error: Request failed with status code 429
API Error: Request failed with status code 429
API Error: Request failed with status code 429
API Error: Request failed with status code 429
API Error: Request failed with status code 429
API Error: Request failed with status code 429
API Error: Request failed with status code 429
API Error: Request failed with status code 429
API Error: Request failed with status code 429
API Error: Request failed with status code 429
API Error: Request failed with status code 429
API Error: Request failed with status code 429
API Error: Request failed with status code 429
API Error: Request failed with status code 429
API Error: Request failed with status code 429
API Error: Request failed with status code 429
API Error: Request failed with status code 429
API Error: Request failed with status code 429
API Error: Request failed with status code 429
API Error: Request failed with status code 429
API Error: Request failed with status code 429
API Error: Request failed with status code 429
API Error: Request failed with status code 429
API Error: Request failed with status code 429
API Error: Request failed with status code 429
API Error: Request failed with status code 429
API Error: Request failed with status code 429
API Error: Request failed with status code 429
API Error: Request failed with status code 429
API Error: Request failed with status code 429
API Error: Request failed with status code 429
API Error: Request failed with status code 429
API Error: Request failed with status code 429

[4/3/2025, 9:30:00 am] Fetching news...
Inserted: Here Are the Oscars 2025 Winners: Complete List - Billboard [general-us]
Inserted: Adrien Brody Wins Oscar, Throws Out His Gum and Tells the Academy to Cut the Music So He Can Finish Speech: ‘I’ve Done This Before’ - Variety [general-us]
Inserted: Crypto prices jump as Trump touts national crypto reserve - The Washington Post [general-us]
Inserted: SpaceX launching batch of Starlink satellites from Cape Canaveral - WESH 2 Orlando [general-us]
Inserted: RFK Jr says Texas measles outbreak a ‘call to action’ - The Hill [general-us]
Inserted: US suspends offensive cyber operations against Russia, senior US official says - CNN [general-us]
Inserted: Evacuations ordered as 175 wildfires erupt across South and North Carolina - ABC News [general-us]
Inserted: Conan O’Brien Roasts Karla Sofía Gascón At The Oscars Over Controversial Tweets - Deadline [general-us]
Inserted: Arab states and UN condemn Gaza aid blockade by Israel - BBC.com [general-us]
Inserted: Trump supporter faces possible prison time in case associated with Jan. 6 - CBS News [general-us]
Inserted: Rubio says Trump would be ‘on his way to the Nobel Peace Prize’ if he were a Democrat - The Hill [general-us]
Inserted: Joe Highsmith goes from making the cut to a PGA Tour winner at the Cognizant Classic - The Associated Press [general-us]
Inserted: UK's Starmer says Europe is at ‘crossroads in history’ as leaders agree to steps to Ukraine peace - The Associated Press [general-us]
Inserted: Lenovo teases solar-powered and foldable screen laptops in latest concept - CNBC [general-us]
Inserted: Apple might not release a truly ‘modernized’ Siri until 2027 - TechCrunch [general-us]
Inserted: Measles confirmed in unvaccinated Montgomery County child; others may have been exposed - WHYY [general-us]
Inserted: Dixon runs opener without radio communication - ESPN [general-us]
Inserted: Crowds protest JD Vance at Vermont ski resort - POLITICO [general-us]
Inserted: Trudeau to bring up Trump’s threat to annex Canada in meeting with King Charles - The Associated Press [general-us]
Inserted: Gervonta Davis controversy: Lamont Roach’s team, New York commission cost Roach millions by ignoring available replay - Yahoo Sports [general-us]
Inserted: ‘Legacy on Ice’ tribute honors skaters who died in D.C. plane crash - The Washington Post [sports-us]
Inserted: Wilfried Zaha delivers, San Jose's seismic shift & more from Matchday 2 - MLSsoccer.com [sports-us]
Inserted: Jalen Brunson comes up clutch again as Knicks escape with thrilling OT win over Heat - New York Post  [sports-us]
Inserted: What NASCAR Cup drivers said after COTA race won by Christopher Bell - NBC Sports [sports-us]
Already Exists: Joe Highsmith goes from making the cut to a PGA Tour winner at the Cognizant Classic - The Associated Press
Inserted: Dallin Hall says Fouss Traore ‘is the most underappreciated BYU basketball player of all time’ - Deseret News [sports-us]
Inserted: Cavs overcome lackluster start to defeat Trail Blazers 133-129 in overtime - Fear the Sword [sports-us]
Inserted: 49ers’ Deebo Samuel trade reflective of significant change on two fronts - Niners Nation [sports-us]
Inserted: Quick hits: Illini dominate No. 15 Michigan in second half of 93-73 road win - 247Sports [sports-us]
Inserted: Stephen Curry says he’s retiring from the slam dunk after throwing down 1st jam in 6 years - The Associated Press [sports-us]
Inserted: Trump to pardon late Pete Rose ‘in the coming weeks’ while MLB considers petition to reinstate all-time hits leader - CNN [sports-us]
Inserted: Conceicao believes Milan players are suffering from ‘what is going on around the club’ - Sempre Milan [sports-us]
Inserted: 2025 NFL combine takeaways: Grades for top OL prospects, plus winners and losers from on-field workouts - CBS Sports [sports-us]
Inserted: Tom Aspinall blames Jon Jones for continued delays booking fight, willing to move on under one condition - MMA Fighting [sports-us]
Inserted: Projected Lineup: March 2 at Dallas - NHL.com [sports-us]
Already Exists: Dixon runs opener without radio communication - ESPN
Inserted: 3 quick takeaways from the Badgers 71-62 loss to Michigan State: Live and die by the three - Bucky's 5th Quarter [sports-us]
Inserted: Report: Jets taking calls about Davante Adams, plan to cut him if they can’t trade him - NBC Sports [sports-us]
Inserted: Barcelona make it look easy against Real Sociedad but the real season starts now - Barca Blaugranes [sports-us]
Inserted: Justin Fields Rumors: QB has 'Edge' Over Russell Wilson With Steelers Amid Jets Links - Bleacher Report [sports-us]
Already Exists: Here Are the Oscars 2025 Winners: Complete List - Billboard
Already Exists: Adrien Brody Wins Oscar, Throws Out His Gum and Tells the Academy to Cut the Music So He Can Finish Speech: ‘I’ve Done This Before’ - Variety
Already Exists: Crypto prices jump as Trump touts national crypto reserve - The Washington Post
Already Exists: SpaceX launching batch of Starlink satellites from Cape Canaveral - WESH 2 Orlando
Already Exists: RFK Jr says Texas measles outbreak a ‘call to action’ - The Hill
Already Exists: US suspends offensive cyber operations against Russia, senior US official says - CNN
Already Exists: Evacuations ordered as 175 wildfires erupt across South and North Carolina - ABC News
Already Exists: Conan O’Brien Roasts Karla Sofía Gascón At The Oscars Over Controversial Tweets - Deadline
Already Exists: Arab states and UN condemn Gaza aid blockade by Israel - BBC.com
Already Exists: Trump supporter faces possible prison time in case associated with Jan. 6 - CBS News
Already Exists: Rubio says Trump would be ‘on his way to the Nobel Peace Prize’ if he were a Democrat - The Hill
Already Exists: Joe Highsmith goes from making the cut to a PGA Tour winner at the Cognizant Classic - The Associated Press
Already Exists: UK's Starmer says Europe is at ‘crossroads in history’ as leaders agree to steps to Ukraine peace - The Associated Press
Already Exists: Lenovo teases solar-powered and foldable screen laptops in latest concept - CNBC
Already Exists: Apple might not release a truly ‘modernized’ Siri until 2027 - TechCrunch
Already Exists: Measles confirmed in unvaccinated Montgomery County child; others may have been exposed - WHYY
Already Exists: Dixon runs opener without radio communication - ESPN
Already Exists: Crowds protest JD Vance at Vermont ski resort - POLITICO
Already Exists: Trudeau to bring up Trump’s threat to annex Canada in meeting with King Charles - The Associated Press
Already Exists: Gervonta Davis controversy: Lamont Roach’s team, New York commission cost Roach millions by ignoring available replay - Yahoo Sports
Already Exists: Crypto prices jump as Trump touts national crypto reserve - The Washington Post
Inserted: Stock futures rise slightly in overnight trading as investors await tariff news: Live updates - CNBC [business-us]
Already Exists: Anti-DOGE protests at Tesla stores target Elon Musk’s bottom line - The Associated Press
Inserted: See how tariffs could make your next car cost thousands more - The Washington Post [business-us]
Inserted: Exclusive | Big Consulting Bosses Meet With Trump Officials to Save Contracts - The Wall Street Journal [business-us]
Inserted: Treasury Secretary Bessent says Trump tariffs won't cause inflation to increase - Forex Factory [business-us]
Inserted: Elon Musk’s Daughter Reacts to Discovery of Billionaire’s 14th Known Child - Yahoo Entertainment [business-us]
Inserted: Warren Buffett calls Trump's tariffs a tax on goods, says 'the Tooth Fairy doesn't pay 'em' - CNBC [business-us]
Inserted: Why the February jobs report may push a jittery stock market toward a correction - MarketWatch [business-us]
Inserted: Delta Air Lines flight to New Orleans returns to Boston after ‘smoky odor’ detected in cabin - CNN [business-us]
Inserted: Why Trump’s aluminum tariffs won’t raise the price of your can of Coke - CNN [business-us]
Inserted: ‘Can’t defy gravity forever’: Trump-linked assets take a hit in Wall Street’s tumble - POLITICO [business-us]
Inserted: Forget McDonald’s. This Chinese Fast-Food Chain Is Now the World’s Biggest. - The Wall Street Journal [business-us]
Inserted: Air Canada Sues Passenger Over Delayed Bag Compensation Fiasco - One Mile at a Time [business-us]
Inserted: Analysts revisit Super Micro stock after key SEC filing - TheStreet [business-us]
Inserted: Tales from the Florida condo crisis: Homeowners describe hardships after cost hikes - South Florida Sun Sentinel [business-us]
Already Exists: Here Are the Oscars 2025 Winners: Complete List - Billboard
Inserted: Zoe Saldaña wins first Oscar, sweeping awards season as best supporting actress in ‘Emilia Pérez’ - The Associated Press [entertainment-us]
Inserted: Sean Baker’s ‘Anora’ Wins Best Picture After a Stunning Oscar Steamroll - Hollywood Reporter [entertainment-us]
Already Exists: Adrien Brody Wins Oscar, Throws Out His Gum and Tells the Academy to Cut the Music So He Can Finish Speech: ‘I’ve Done This Before’ - Variety
Inserted: Cynthia Erivo and Ariana Grande Open Oscars With ‘Wicked’ Anthem “Defying Gravity” - Hollywood Reporter [entertainment-us]
Inserted: Michelle Trachtenberg, Shannen Doherty, Tony Todd Among Those Omitted From Oscars In Memoriam Segment - Variety [entertainment-us]
Inserted: Hulu Says Oscars Livestream Glitch Fully Resolved, Thanks Frustrated Viewers For “Hanging In There” – Update - Deadline [entertainment-us]
Inserted: Oscars 2025 Winners List: : ‘Anora’, ‘Wicked’, ‘Dune 2’, ‘Emilia Pérez’ & More - Deadline [entertainment-us]
Inserted: Oscars 2025: Karla Sofía Gascón attends Oscars amid controversy - ABC News [entertainment-us]
Inserted: Kieran Culkin Wins First Oscar: Academy Awards Live Updates - Newsweek [entertainment-us]
Inserted: Charli XCX Wore A Very, Very Revealing Dress To The 2025 BRIT Awards - BuzzFeed [entertainment-us]
Inserted: Grammy-nominated R&B singer Angie Stone dies in car crash at age 63 - PBS NewsHour [entertainment-us]
Inserted: John Cena finally turns heel and the internet reacts - Mashable [entertainment-us]
Inserted: The 10 Most Iconic Oscar Images of All Time - Hollywood Reporter [entertainment-us]
Inserted: David Johansen Dies: Rockers React - Ultimate Classic Rock [entertainment-us]
Inserted: Expert Theorizes 'Unusual' Circumstances Of Gene Hackman, Wife's Deaths - iHeartRadio [entertainment-us]
Inserted: ‘How Do I Get My Kids to Want to See This?’ - Vulture [entertainment-us]
Already Exists: RFK Jr says Texas measles outbreak a ‘call to action’ - The Hill
Inserted: UK death rate 'reaches record low' - BBC.com [health-us]
Already Exists: Measles confirmed in unvaccinated Montgomery County child; others may have been exposed - WHYY
Inserted: Lifesaving drug successfully lowers cholesterol levels and body weight - The Brighter Side of News [health-us]
Inserted: Herpes Wakes Up: Scientists Discover Hidden Trigger for Cold Sore Flare-Ups - SciTechDaily [health-us]
Inserted: Bird flu detected in nearby Pa. county - WKBN.com [health-us]
Inserted: Infectious Updates 3-2-2025 - Daily Kos [health-us]
Inserted: The Popular White Vegetable That Can Prevent Cancer, Heart Disease, And Diabetes All At Once - Health Digest [health-us]
Inserted: Scientists Propose Injecting Astronauts With Tardigrade RNA After Finding It Prevents Radiation Damage - Futurism [health-us]
Inserted: FAQ: What to know about bird flu in WA - The Seattle Times [health-us]
Inserted: 3 months was too long to wait for help | Mental Health Perspectives - The Seattle Times [health-us]
Inserted: Genes and childhood trauma both play a role in adult ADHD symptoms, study finds - PsyPost [health-us]
Inserted: Extreme ‘clean’ eating can tip healthy eaters into a danger zone - The Washington Post [health-us]
Inserted: Try Icelandic yogurt, eat 1 green thing a day, recognize bids for connection — plus 6 more health tips to help you have a great week - Yahoo Life [health-us]
Inserted: Extremely Hot Weather Can Age You as Much as Smoking - Gizmodo [health-us]
Inserted: Cholera resurgence hampers progress in South and East Africa, study finds - The Washington Post [health-us]
Inserted: Just 3 Days of a 'Juice Fast' Could Be Doing You More Harm Than Good - ScienceAlert [health-us]
Inserted: A Nasal Spray for Concussions Shows Early Promise - Gizmodo [health-us]
Inserted: Researchers make concerning discovery while studying disease-carrying mosquitoes: 'We cannot dismiss this' - Yahoo [health-us]
Inserted: 6 Things to Do When You Wake Up for Better Cognitive Function, Recommended by Neurologists - EatingWell [health-us]
Inserted: Scientists Just Discovered an RNA That Repairs DNA Damage – And It’s a Game-Changer - SciTechDaily [science-us]
Already Exists: SpaceX launching batch of Starlink satellites from Cape Canaveral - WESH 2 Orlando
Inserted: Human Skin Can Taste Things, And Scientists Just Figured Out Why - ScienceAlert [science-us]
Inserted: Billion-Light-Year Superstructure Shakes Up Our View of the Universe - SciTechDaily [science-us]
Inserted: Nokia And NASA Are Revolutionizing Lunar Exploration With The Launch Of The First Mobile Network On The Moon - Wccftech [science-us]
Inserted: NASA’s Europa Clipper Flies Past Mars On Its Way To Jupiter’s Icy Moon - The Daily Galaxy --Great Discoveries Channel [science-us]
Inserted: Ask Slashdot: Would You Accept a Free Ride Into Space? - Slashdot [science-us]
Inserted: Tiny Atomic Collisions Unleash Unexpected Energy Bursts - The Daily Galaxy --Great Discoveries Channel [science-us]
Inserted: Ancient seafloor spreading 15 million years ago caused sea levels to plummet - Livescience.com [science-us]
Inserted: Private lunar lander successfully touches down on the moon with a special delivery for NASA - PBS NewsHour [science-us]
Inserted: Researchers experimenting with reversing time discovered something surprising - BGR [science-us]
Inserted: Two Newly Launched Space Probes Are Already In Trouble - The Daily Galaxy --Great Discoveries Channel [science-us]
Inserted: Physicists achieve record-breaking electron beam power and current - Phys.org [science-us]
Inserted: How Russian 'Owl Ears' spot Ukraine’s guns—you won't believe - Bulgarian Military [science-us]
Inserted: Italy's Campi Flegrei volcano may unleash devastating eruptions more often than we thought, ancient outburst suggests - Livescience.com [science-us]
Inserted: Billions of Years Ago, Mars Featured Beaches Fit for a Vacation, Astronomers Say - Gizmodo [science-us]
Inserted: Interstellar tunnel found near our solar system—may be a gateway to other stars - The Brighter Side of News [science-us]
Inserted: First-Ever "Saber-Toothed Cat" Mummy Unearthed in Siberia—Perfectly Preserved After 37,000 Years - Indian Defence Review [science-us]
Inserted: Straight Out of Sci-Fi: NASA’s Most Powerful Computer Has Just Detected Something Strange Beyond the Solar System - Indian Defence Review [science-us]
Inserted: The ISS is nearly as microbe-free as an isolation ward - Ars Technica [science-us]
No data found for general-uk
No data found for sports-uk
No data found for politics-uk
No data found for business-uk
No data found for entertainment-uk
No data found for health-uk
No data found for science-uk
No data found for general-fr
No data found for sports-fr
No data found for politics-fr
No data found for business-fr
No data found for entertainment-fr
No data found for health-fr
No data found for science-fr
No data found for general-in
No data found for sports-in
No data found for politics-in
No data found for business-in
No data found for entertainment-in
No data found for health-in
No data found for science-in
No data found for general-it
No data found for sports-it
No data found for politics-it
No data found for business-it
No data found for entertainment-it
No data found for health-it
No data found for science-it
